# JRE version: OpenJDK Runtime Environment Microsoft-7208460 (11.0.18+10) (build 11.0.18+10-LTS)
# Java VM: OpenJDK 64-Bit Server VM Microsoft-7208460 (11.0.18+10-LTS, mixed mode, tiered, compressed oops, g1 gc, windows-amd64)
Heap:
 garbage-first heap   total 131072K, used 102921K [0x0000000080000000, 0x0000000100000000)
  region size 1024K, 14 young (14336K), 1 survivors (1024K)
 Metaspace       used 110726K, capacity 114039K, committed 114312K, reserved 616448K
  class space    used 14186K, capacity 15433K, committed 15488K, reserved 516096K
GC Heap History (20 events):
Event: 110.906 GC heap before
{Heap before GC invocations=34 (full 0):
 garbage-first heap   total 131072K, used 109076K [0x0000000080000000, 0x0000000100000000)
  region size 1024K, 27 young (27648K), 4 survivors (4096K)
 Metaspace       used 99911K, capacity 102934K, committed 103048K, reserved 606208K
  class space    used 12999K, capacity 14186K, committed 14208K, reserved 516096K
}
Event: 110.919 GC heap after
{Heap after GC invocations=35 (full 0):
 garbage-first heap   total 131072K, used 87110K [0x0000000080000000, 0x0000000100000000)
  region size 1024K, 2 young (2048K), 2 survivors (2048K)
 Metaspace       used 99911K, capacity 102934K, committed 103048K, reserved 606208K
  class space    used 12999K, capacity 14186K, committed 14208K, reserved 516096K
}
Event: 112.009 GC heap before
{Heap before GC invocations=36 (full 0):
 garbage-first heap   total 131072K, used 109638K [0x0000000080000000, 0x0000000100000000)
  region size 1024K, 24 young (24576K), 2 survivors (2048K)
 Metaspace       used 101283K, capacity 104322K, committed 104584K, reserved 608256K
  class space    used 13188K, capacity 14387K, committed 14464K, reserved 516096K
}
Event: 112.015 GC heap after
{Heap after GC invocations=37 (full 0):
 garbage-first heap   total 131072K, used 88104K [0x0000000080000000, 0x0000000100000000)
  region size 1024K, 3 young (3072K), 3 survivors (3072K)
 Metaspace       used 101283K, capacity 104322K, committed 104584K, reserved 608256K
  class space    used 13188K, capacity 14387K, committed 14464K, reserved 516096K
}
Event: 113.097 GC heap before
{Heap before GC invocations=37 (full 0):
 garbage-first heap   total 131072K, used 109608K [0x0000000080000000, 0x0000000100000000)
  region size 1024K, 25 young (25600K), 3 survivors (3072K)
 Metaspace       used 102770K, capacity 105858K, committed 106120K, reserved 608256K
  class space    used 13395K, capacity 14616K, committed 14720K, reserved 516096K
}
Event: 113.105 GC heap after
{Heap after GC invocations=38 (full 0):
 garbage-first heap   total 131072K, used 89368K [0x0000000080000000, 0x0000000100000000)
  region size 1024K, 3 young (3072K), 3 survivors (3072K)
 Metaspace       used 102770K, capacity 105858K, committed 106120K, reserved 608256K
  class space    used 13395K, capacity 14616K, committed 14720K, reserved 516096K
}
Event: 113.992 GC heap before
{Heap before GC invocations=39 (full 0):
 garbage-first heap   total 131072K, used 111896K [0x0000000080000000, 0x0000000100000000)
  region size 1024K, 25 young (25600K), 3 survivors (3072K)
 Metaspace       used 104348K, capacity 107415K, committed 107528K, reserved 610304K
  class space    used 13583K, capacity 14804K, committed 14848K, reserved 516096K
}
Event: 114.001 GC heap after
{Heap after GC invocations=40 (full 0):
 garbage-first heap   total 131072K, used 91779K [0x0000000080000000, 0x0000000100000000)
  region size 1024K, 4 young (4096K), 4 survivors (4096K)
 Metaspace       used 104348K, capacity 107415K, committed 107528K, reserved 610304K
  class space    used 13583K, capacity 14804K, committed 14848K, reserved 516096K
}
Event: 114.755 GC heap before
{Heap before GC invocations=40 (full 0):
 garbage-first heap   total 131072K, used 111235K [0x0000000080000000, 0x0000000100000000)
  region size 1024K, 24 young (24576K), 4 survivors (4096K)
 Metaspace       used 107865K, capacity 110927K, committed 111112K, reserved 612352K
  class space    used 13909K, capacity 15097K, committed 15104K, reserved 516096K
}
Event: 114.764 GC heap after
{Heap after GC invocations=41 (full 0):
 garbage-first heap   total 131072K, used 92536K [0x0000000080000000, 0x0000000100000000)
  region size 1024K, 1 young (1024K), 1 survivors (1024K)
 Metaspace       used 107865K, capacity 110927K, committed 111112K, reserved 612352K
  class space    used 13909K, capacity 15097K, committed 15104K, reserved 516096K
}
Event: 125.962 GC heap before
{Heap before GC invocations=42 (full 0):
 garbage-first heap   total 131072K, used 111992K [0x0000000080000000, 0x0000000100000000)
  region size 1024K, 20 young (20480K), 1 survivors (1024K)
 Metaspace       used 108400K, capacity 111493K, committed 111752K, reserved 614400K
  class space    used 13950K, capacity 15162K, committed 15232K, reserved 516096K
}
Event: 125.968 GC heap after
{Heap after GC invocations=43 (full 0):
 garbage-first heap   total 131072K, used 93914K [0x0000000080000000, 0x0000000100000000)
  region size 1024K, 3 young (3072K), 3 survivors (3072K)
 Metaspace       used 108400K, capacity 111493K, committed 111752K, reserved 614400K
  class space    used 13950K, capacity 15162K, committed 15232K, reserved 516096K
}
Event: 127.194 GC heap before
{Heap before GC invocations=43 (full 0):
 garbage-first heap   total 131072K, used 111322K [0x0000000080000000, 0x0000000100000000)
  region size 1024K, 21 young (21504K), 3 survivors (3072K)
 Metaspace       used 108688K, capacity 111882K, committed 112008K, reserved 614400K
  class space    used 13955K, capacity 15170K, committed 15232K, reserved 516096K
}
Event: 127.208 GC heap after
{Heap after GC invocations=44 (full 0):
 garbage-first heap   total 131072K, used 96609K [0x0000000080000000, 0x0000000100000000)
  region size 1024K, 3 young (3072K), 3 survivors (3072K)
 Metaspace       used 108688K, capacity 111882K, committed 112008K, reserved 614400K
  class space    used 13955K, capacity 15170K, committed 15232K, reserved 516096K
}
Event: 164.556 GC heap before
{Heap before GC invocations=45 (full 0):
 garbage-first heap   total 131072K, used 110945K [0x0000000080000000, 0x0000000100000000)
  region size 1024K, 18 young (18432K), 3 survivors (3072K)
 Metaspace       used 109136K, capacity 112325K, committed 112520K, reserved 614400K
  class space    used 14002K, capacity 15229K, committed 15232K, reserved 516096K
}
Event: 164.565 GC heap after
{Heap after GC invocations=46 (full 0):
 garbage-first heap   total 131072K, used 97035K [0x0000000080000000, 0x0000000100000000)
  region size 1024K, 1 young (1024K), 1 survivors (1024K)
 Metaspace       used 109136K, capacity 112325K, committed 112520K, reserved 614400K
  class space    used 14002K, capacity 15229K, committed 15232K, reserved 516096K
}
Event: 164.716 GC heap before
{Heap before GC invocations=46 (full 0):
 garbage-first heap   total 131072K, used 101131K [0x0000000080000000, 0x0000000100000000)
  region size 1024K, 6 young (6144K), 1 survivors (1024K)
 Metaspace       used 109176K, capacity 112337K, committed 112520K, reserved 614400K
  class space    used 14002K, capacity 15229K, committed 15232K, reserved 516096K
}
Event: 164.740 GC heap after
{Heap after GC invocations=47 (full 0):
 garbage-first heap   total 131072K, used 91571K [0x0000000080000000, 0x0000000100000000)
  region size 1024K, 1 young (1024K), 1 survivors (1024K)
 Metaspace       used 109176K, capacity 112337K, committed 112520K, reserved 614400K
  class space    used 14002K, capacity 15229K, committed 15232K, reserved 516096K
}
Event: 165.179 GC heap before
{Heap before GC invocations=47 (full 0):
 garbage-first heap   total 131072K, used 96691K [0x0000000080000000, 0x0000000100000000)
  region size 1024K, 6 young (6144K), 1 survivors (1024K)
 Metaspace       used 109209K, capacity 112403K, committed 112520K, reserved 614400K
  class space    used 14002K, capacity 15229K, committed 15232K, reserved 516096K
}
Event: 165.187 GC heap after
{Heap after GC invocations=48 (full 0):
 garbage-first heap   total 131072K, used 91657K [0x0000000080000000, 0x0000000100000000)
  region size 1024K, 1 young (1024K), 1 survivors (1024K)
 Metaspace       used 109209K, capacity 112403K, committed 112520K, reserved 614400K
  class space    used 14002K, capacity 15229K, committed 15232K, reserved 516096K
}

