# JRE version: OpenJDK Runtime Environment Microsoft-7208460 (11.0.18+10) (build 11.0.18+10-LTS)
# Java VM: OpenJDK 64-Bit Server VM Microsoft-7208460 (11.0.18+10-LTS, mixed mode, tiered, compressed oops, g1 gc, windows-amd64)
Heap:
 garbage-first heap   total 131072K, used 33921K [0x0000000080000000, 0x0000000100000000)
  region size 1024K, 15 young (15360K), 9 survivors (9216K)
 Metaspace       used 41108K, capacity 42273K, committed 42576K, reserved 555008K
  class space    used 5148K, capacity 5555K, committed 5632K, reserved 516096K
GC Heap History (18 events):
Event: 1.122 GC heap before
{Heap before GC invocations=0 (full 0):
 garbage-first heap   total 131072K, used 13312K [0x0000000080000000, 0x0000000100000000)
  region size 1024K, 14 young (14336K), 0 survivors (0K)
 Metaspace       used 6784K, capacity 6989K, committed 7168K, reserved 524288K
  class space    used 573K, capacity 650K, committed 768K, reserved 516096K
}
Event: 1.129 GC heap after
{Heap after GC invocations=1 (full 0):
 garbage-first heap   total 131072K, used 4483K [0x0000000080000000, 0x0000000100000000)
  region size 1024K, 2 young (2048K), 2 survivors (2048K)
 Metaspace       used 6784K, capacity 6989K, committed 7168K, reserved 524288K
  class space    used 573K, capacity 650K, committed 768K, reserved 516096K
}
Event: 1.850 GC heap before
{Heap before GC invocations=1 (full 0):
 garbage-first heap   total 131072K, used 19843K [0x0000000080000000, 0x0000000100000000)
  region size 1024K, 13 young (13312K), 2 survivors (2048K)
 Metaspace       used 9920K, capacity 10118K, committed 10368K, reserved 526336K
  class space    used 1011K, capacity 1102K, committed 1152K, reserved 516096K
}
Event: 1.856 GC heap after
{Heap after GC invocations=2 (full 0):
 garbage-first heap   total 131072K, used 10652K [0x0000000080000000, 0x0000000100000000)
  region size 1024K, 2 young (2048K), 2 survivors (2048K)
 Metaspace       used 9920K, capacity 10118K, committed 10368K, reserved 526336K
  class space    used 1011K, capacity 1102K, committed 1152K, reserved 516096K
}
Event: 3.722 GC heap before
{Heap before GC invocations=2 (full 0):
 garbage-first heap   total 131072K, used 39324K [0x0000000080000000, 0x0000000100000000)
  region size 1024K, 30 young (30720K), 2 survivors (2048K)
 Metaspace       used 10983K, capacity 11263K, committed 11520K, reserved 526336K
  class space    used 1115K, capacity 1206K, committed 1280K, reserved 516096K
}
Event: 3.733 GC heap after
{Heap after GC invocations=3 (full 0):
 garbage-first heap   total 131072K, used 12911K [0x0000000080000000, 0x0000000100000000)
  region size 1024K, 4 young (4096K), 4 survivors (4096K)
 Metaspace       used 10983K, capacity 11263K, committed 11520K, reserved 526336K
  class space    used 1115K, capacity 1206K, committed 1280K, reserved 516096K
}
Event: 7.255 GC heap before
{Heap before GC invocations=3 (full 0):
 garbage-first heap   total 131072K, used 53871K [0x0000000080000000, 0x0000000100000000)
  region size 1024K, 44 young (45056K), 4 survivors (4096K)
 Metaspace       used 18176K, capacity 18550K, committed 18688K, reserved 532480K
  class space    used 2089K, capacity 2209K, committed 2304K, reserved 516096K
}
Event: 7.269 GC heap after
{Heap after GC invocations=4 (full 0):
 garbage-first heap   total 131072K, used 17396K [0x0000000080000000, 0x0000000100000000)
  region size 1024K, 6 young (6144K), 6 survivors (6144K)
 Metaspace       used 18176K, capacity 18550K, committed 18688K, reserved 532480K
  class space    used 2089K, capacity 2209K, committed 2304K, reserved 516096K
}
Event: 7.892 GC heap before
{Heap before GC invocations=4 (full 0):
 garbage-first heap   total 131072K, used 36852K [0x0000000080000000, 0x0000000100000000)
  region size 1024K, 27 young (27648K), 6 survivors (6144K)
 Metaspace       used 20828K, capacity 21192K, committed 21296K, reserved 536576K
  class space    used 2485K, capacity 2652K, committed 2688K, reserved 516096K
}
Event: 7.905 GC heap after
{Heap after GC invocations=5 (full 0):
 garbage-first heap   total 131072K, used 18318K [0x0000000080000000, 0x0000000100000000)
  region size 1024K, 1 young (1024K), 1 survivors (1024K)
 Metaspace       used 20828K, capacity 21192K, committed 21296K, reserved 536576K
  class space    used 2485K, capacity 2652K, committed 2688K, reserved 516096K
}
Event: 9.473 GC heap before
{Heap before GC invocations=6 (full 0):
 garbage-first heap   total 131072K, used 65422K [0x0000000080000000, 0x0000000100000000)
  region size 1024K, 47 young (48128K), 1 survivors (1024K)
 Metaspace       used 24977K, capacity 25556K, committed 25648K, reserved 538624K
  class space    used 3157K, capacity 3385K, committed 3456K, reserved 516096K
}
Event: 9.481 GC heap after
{Heap after GC invocations=7 (full 0):
 garbage-first heap   total 131072K, used 19739K [0x0000000080000000, 0x0000000100000000)
  region size 1024K, 3 young (3072K), 3 survivors (3072K)
 Metaspace       used 24977K, capacity 25556K, committed 25648K, reserved 538624K
  class space    used 3157K, capacity 3385K, committed 3456K, reserved 516096K
}
Event: 10.949 GC heap before
{Heap before GC invocations=7 (full 0):
 garbage-first heap   total 131072K, used 71963K [0x0000000080000000, 0x0000000100000000)
  region size 1024K, 54 young (55296K), 3 survivors (3072K)
 Metaspace       used 29986K, capacity 30670K, committed 30896K, reserved 542720K
  class space    used 3929K, capacity 4245K, committed 4352K, reserved 516096K
}
Event: 10.958 GC heap after
{Heap after GC invocations=8 (full 0):
 garbage-first heap   total 131072K, used 21595K [0x0000000080000000, 0x0000000100000000)
  region size 1024K, 5 young (5120K), 5 survivors (5120K)
 Metaspace       used 29986K, capacity 30670K, committed 30896K, reserved 542720K
  class space    used 3929K, capacity 4245K, committed 4352K, reserved 516096K
}
Event: 12.030 GC heap before
{Heap before GC invocations=8 (full 0):
 garbage-first heap   total 131072K, used 48219K [0x0000000080000000, 0x0000000100000000)
  region size 1024K, 32 young (32768K), 5 survivors (5120K)
 Metaspace       used 34950K, capacity 35784K, committed 35920K, reserved 548864K
  class space    used 4456K, capacity 4780K, committed 4864K, reserved 516096K
}
Event: 12.043 GC heap after
{Heap after GC invocations=9 (full 0):
 garbage-first heap   total 131072K, used 23792K [0x0000000080000000, 0x0000000100000000)
  region size 1024K, 7 young (7168K), 7 survivors (7168K)
 Metaspace       used 34950K, capacity 35784K, committed 35920K, reserved 548864K
  class space    used 4456K, capacity 4780K, committed 4864K, reserved 516096K
}
Event: 14.968 GC heap before
{Heap before GC invocations=10 (full 0):
 garbage-first heap   total 131072K, used 88304K [0x0000000080000000, 0x0000000100000000)
  region size 1024K, 68 young (69632K), 7 survivors (7168K)
 Metaspace       used 40856K, capacity 41958K, committed 42064K, reserved 552960K
  class space    used 5118K, capacity 5533K, committed 5632K, reserved 516096K
}
Event: 14.994 GC heap after
{Heap after GC invocations=11 (full 0):
 garbage-first heap   total 131072K, used 28801K [0x0000000080000000, 0x0000000100000000)
  region size 1024K, 9 young (9216K), 9 survivors (9216K)
 Metaspace       used 40856K, capacity 41958K, committed 42064K, reserved 552960K
  class space    used 5118K, capacity 5533K, committed 5632K, reserved 516096K
}

